<?xml version="1.0" encoding="UTF-8"?>
<testsuites name="Test data driven" time="26.193" tests="3" failures="0" errors="0">
   <testsuite name="Test data driven" tests="3" failures="0" errors="0" time="26.193" skipped="0" timestamp="25-08-2024T16:47:43" hostname="nguyenthithanhmy - 192.168.4.105" id="Test Suites/Test data driven">
      <properties>
         <property name="deviceName" value=""/>
         <property name="devicePlatform"/>
         <property name="logFolder" value="/Users/nguyenthithanhmy/git/katalon-study-fee/Reports/20240825_164740/Test data driven/20240825_164741"/>
         <property name="logFiles" value="/Users/nguyenthithanhmy/git/katalon-study-fee/Reports/20240825_164740/Test data driven/20240825_164741/execution0.log"/>
         <property name="attachments" value=""/>
         <property name="hostName" value="nguyenthithanhmy - 192.168.4.105"/>
         <property name="os" value="Mac OS X 64bit"/>
         <property name="katalonVersion" value="9.6.0.217"/>
         <property name="browser" value="Chrome 127.0.0.0"/>
         <property name="hostAddress" value="192.168.4.105"/>
         <property name="sessionId" value="3a257a687f76a03d0a9dc44ac4937f2a"/>
         <property name="seleniumVersion" value="3.141.59"/>
         <property name="proxyInformation" value="ProxyInformation { proxyOption=NO_PROXY, proxyServerType=HTTP, username=, password=********, proxyServerAddress=, proxyServerPort=0, executionList=&quot;&quot;, isApplyToDesiredCapabilities=true }"/>
         <property name="platform" value="Mac OS X"/>
      </properties>
      <testcase name="Test Cases/Log in" time="9.81" classname="Test Cases/Log in" status="PASSED">
         <system-out><![CDATA[25-08-2024T16:47:43 - [TEST_CASE][PASSED] - Test Cases/Log in: Test Cases/Log in

25-08-2024T16:47:43 - [TEST_STEP][PASSED] - openBrowser(""): Browser is opened with url: ''

25-08-2024T16:47:44 - [MESSAGE][INFO] - Starting 'Chrome' driver

25-08-2024T16:47:44 - [MESSAGE][INFO] - Action delay is set to 0 milliseconds

25-08-2024T16:47:45 - [MESSAGE][PASSED] - Browser is opened with url: ''

25-08-2024T16:47:45 - [TEST_STEP][PASSED] - navigateToUrl(url): Navigate to 'https://katalon-demo-cura.herokuapp.com/' successfully

25-08-2024T16:47:50 - [MESSAGE][PASSED] - Navigate to 'https://katalon-demo-cura.herokuapp.com/' successfully

25-08-2024T16:47:50 - [TEST_STEP][PASSED] - maximizeWindow(): Current window maximized

25-08-2024T16:47:50 - [MESSAGE][PASSED] - Current window maximized

25-08-2024T16:47:50 - [TEST_STEP][PASSED] - click(findTestObject("Page_CURA Healthcare Service/btn Make Appointment")): Object: 'Object Repository/Page_CURA Healthcare Service/btn Make Appointment' is clicked on

25-08-2024T16:47:51 - [MESSAGE][PASSED] - Object: 'Object Repository/Page_CURA Healthcare Service/btn Make Appointment' is clicked on

25-08-2024T16:47:51 - [TEST_STEP][PASSED] - setText(findTestObject("Page_CURA Healthcare Service/input_Username"), username): Text 'Kim Tan' is set on object 'Object Repository/Page_CURA Healthcare Service/input_Username'

25-08-2024T16:47:51 - [MESSAGE][PASSED] - Text 'Kim Tan' is set on object 'Object Repository/Page_CURA Healthcare Service/input_Username'

25-08-2024T16:47:51 - [TEST_STEP][PASSED] - setText(findTestObject("Page_CURA Healthcare Service/input_Password"), password): Text '123456' is set on object 'Object Repository/Page_CURA Healthcare Service/input_Password'

25-08-2024T16:47:52 - [MESSAGE][PASSED] - Text '123456' is set on object 'Object Repository/Page_CURA Healthcare Service/input_Password'

25-08-2024T16:47:52 - [TEST_STEP][PASSED] - click(findTestObject("Page_CURA Healthcare Service/btn_Login")): Object: 'Object Repository/Page_CURA Healthcare Service/btn_Login' is clicked on

25-08-2024T16:47:53 - [MESSAGE][PASSED] - Object: 'Object Repository/Page_CURA Healthcare Service/btn_Login' is clicked on

25-08-2024T16:47:53 - [TEST_STEP][PASSED] - closeBrowser(): Browser is closed

25-08-2024T16:47:53 - [MESSAGE][PASSED] - Browser is closed]]></system-out>
         <system-err><![CDATA[]]></system-err>
      </testcase>
      <testcase name="Test Cases/Log in" time="8.261" classname="Test Cases/Log in" status="PASSED">
         <system-out><![CDATA[25-08-2024T16:47:53 - [TEST_CASE][PASSED] - Test Cases/Log in: Test Cases/Log in

25-08-2024T16:47:53 - [TEST_STEP][PASSED] - openBrowser(""): Browser is opened with url: ''

25-08-2024T16:47:53 - [MESSAGE][INFO] - Starting 'Chrome' driver

25-08-2024T16:47:53 - [MESSAGE][INFO] - Action delay is set to 0 milliseconds

25-08-2024T16:47:54 - [MESSAGE][PASSED] - Browser is opened with url: ''

25-08-2024T16:47:54 - [TEST_STEP][PASSED] - navigateToUrl(url): Navigate to 'https://katalon-demo-cura.herokuapp.com/' successfully

25-08-2024T16:47:58 - [MESSAGE][PASSED] - Navigate to 'https://katalon-demo-cura.herokuapp.com/' successfully

25-08-2024T16:47:58 - [TEST_STEP][PASSED] - maximizeWindow(): Current window maximized

25-08-2024T16:47:58 - [MESSAGE][PASSED] - Current window maximized

25-08-2024T16:47:58 - [TEST_STEP][PASSED] - click(findTestObject("Page_CURA Healthcare Service/btn Make Appointment")): Object: 'Object Repository/Page_CURA Healthcare Service/btn Make Appointment' is clicked on

25-08-2024T16:47:59 - [MESSAGE][PASSED] - Object: 'Object Repository/Page_CURA Healthcare Service/btn Make Appointment' is clicked on

25-08-2024T16:47:59 - [TEST_STEP][PASSED] - setText(findTestObject("Page_CURA Healthcare Service/input_Username"), username): Text 'Jon na' is set on object 'Object Repository/Page_CURA Healthcare Service/input_Username'

25-08-2024T16:48:00 - [MESSAGE][PASSED] - Text 'Jon na' is set on object 'Object Repository/Page_CURA Healthcare Service/input_Username'

25-08-2024T16:48:00 - [TEST_STEP][PASSED] - setText(findTestObject("Page_CURA Healthcare Service/input_Password"), password): Text '123456' is set on object 'Object Repository/Page_CURA Healthcare Service/input_Password'

25-08-2024T16:48:00 - [MESSAGE][PASSED] - Text '123456' is set on object 'Object Repository/Page_CURA Healthcare Service/input_Password'

25-08-2024T16:48:00 - [TEST_STEP][PASSED] - click(findTestObject("Page_CURA Healthcare Service/btn_Login")): Object: 'Object Repository/Page_CURA Healthcare Service/btn_Login' is clicked on

25-08-2024T16:48:01 - [MESSAGE][PASSED] - Object: 'Object Repository/Page_CURA Healthcare Service/btn_Login' is clicked on

25-08-2024T16:48:01 - [TEST_STEP][PASSED] - closeBrowser(): Browser is closed

25-08-2024T16:48:01 - [MESSAGE][PASSED] - Browser is closed]]></system-out>
         <system-err><![CDATA[]]></system-err>
      </testcase>
      <testcase name="Test Cases/Log in" time="7.998" classname="Test Cases/Log in" status="PASSED">
         <system-out><![CDATA[25-08-2024T16:48:01 - [TEST_CASE][PASSED] - Test Cases/Log in: Test Cases/Log in

25-08-2024T16:48:01 - [TEST_STEP][PASSED] - openBrowser(""): Browser is opened with url: ''

25-08-2024T16:48:01 - [MESSAGE][INFO] - Starting 'Chrome' driver

25-08-2024T16:48:01 - [MESSAGE][INFO] - Action delay is set to 0 milliseconds

25-08-2024T16:48:02 - [MESSAGE][PASSED] - Browser is opened with url: ''

25-08-2024T16:48:02 - [TEST_STEP][PASSED] - navigateToUrl(url): Navigate to 'https://katalon-demo-cura.herokuapp.com/' successfully

25-08-2024T16:48:06 - [MESSAGE][PASSED] - Navigate to 'https://katalon-demo-cura.herokuapp.com/' successfully

25-08-2024T16:48:06 - [TEST_STEP][PASSED] - maximizeWindow(): Current window maximized

25-08-2024T16:48:06 - [MESSAGE][PASSED] - Current window maximized

25-08-2024T16:48:06 - [TEST_STEP][PASSED] - click(findTestObject("Page_CURA Healthcare Service/btn Make Appointment")): Object: 'Object Repository/Page_CURA Healthcare Service/btn Make Appointment' is clicked on

25-08-2024T16:48:07 - [MESSAGE][PASSED] - Object: 'Object Repository/Page_CURA Healthcare Service/btn Make Appointment' is clicked on

25-08-2024T16:48:07 - [TEST_STEP][PASSED] - setText(findTestObject("Page_CURA Healthcare Service/input_Username"), username): Text 'Kem ly' is set on object 'Object Repository/Page_CURA Healthcare Service/input_Username'

25-08-2024T16:48:08 - [MESSAGE][PASSED] - Text 'Kem ly' is set on object 'Object Repository/Page_CURA Healthcare Service/input_Username'

25-08-2024T16:48:08 - [TEST_STEP][PASSED] - setText(findTestObject("Page_CURA Healthcare Service/input_Password"), password): Text '123456' is set on object 'Object Repository/Page_CURA Healthcare Service/input_Password'

25-08-2024T16:48:08 - [MESSAGE][PASSED] - Text '123456' is set on object 'Object Repository/Page_CURA Healthcare Service/input_Password'

25-08-2024T16:48:08 - [TEST_STEP][PASSED] - click(findTestObject("Page_CURA Healthcare Service/btn_Login")): Object: 'Object Repository/Page_CURA Healthcare Service/btn_Login' is clicked on

25-08-2024T16:48:09 - [MESSAGE][PASSED] - Object: 'Object Repository/Page_CURA Healthcare Service/btn_Login' is clicked on

25-08-2024T16:48:09 - [TEST_STEP][PASSED] - closeBrowser(): Browser is closed

25-08-2024T16:48:09 - [MESSAGE][PASSED] - Browser is closed]]></system-out>
         <system-err><![CDATA[]]></system-err>
      </testcase>
      <system-out><![CDATA[25-08-2024T16:47:43 - [TEST_SUITE][PASSED] - Test data driven: Test Cases/Log in]]></system-out>
      <system-err><![CDATA[]]></system-err>
   </testsuite>
</testsuites>
